This is XeTeX, Version 3.141592653-2.6-0.999997 (TeX Live 2025) (preloaded format=xelatex 2025.11.19)  19 NOV 2025 15:14
entering extended mode
 restricted \write18 enabled.
 %&-line parsing enabled.
**C:/Users/tuh42402/Dropbox/packages/apaquarto/_extensions/apaquarto/doc-class.tex
(c:/Users/tuh42402/Dropbox/packages/apaquarto/_extensions/apaquarto/doc-class.tex
LaTeX2e <2025-11-01>
L3 programming layer <2025-11-06>

! LaTeX Error: File `$documentclass$.cls' not found.

Type X to quit or <RETURN> to proceed,
or enter new name. (Default extension: cls)

Enter file name: 
! Emergency stop.
<read *> 
         
l.52 ^^M
        
*** (cannot \read from terminal in nonstop modes)

 
Here is how much of TeX's memory you used:
 20 strings out of 470195
 640 string characters out of 5476912
 426388 words of memory out of 5000000
 28701 multiletter control sequences out of 15000+600000
 627721 words of font info for 40 fonts, out of 8000000 for 9000
 14 hyphenation exceptions out of 8191
 19i,0n,29p,127b,17s stack positions out of 10000i,1000n,20000p,200000b,200000s
No pages of output.

! warning: kpathsea: $documentclass$.cls: Unrecognized variable construct `$.'.
! warning: kpathsea: $documentclass$.cls: Unrecognized variable construct `$.'.
! warning: kpathsea: $documentclass$.cls: Unrecognized variable construct `$.'.
